<?xml version="1.0" encoding="UTF-8"?>
<!-- Generated by org.testng.reporters.JUnitXMLReporter -->
<testsuite ignored="7" hostname="LAPTOP-N2JA4NOG" failures="0" tests="2" name="Test Basics " time="5.93" errors="0" timestamp="2022-01-20T14:08:23 GMT+08:00">
  <testcase classname="TestBasics" name="getCategories" time="4.194"/>
  <testcase classname="TestBasics" name="getProduct" time="1.655"/>
  <testcase classname="TestBasics" name="updateProduct" time="0.0">
    <ignored/>
  </testcase> <!-- updateProduct -->
  <testcase classname="TestBasics" name="deleteProduct" time="0.0">
    <ignored/>
  </testcase> <!-- deleteProduct -->
  <testcase classname="TestBasics" name="updateSerializedProduct" time="0.0">
    <ignored/>
  </testcase> <!-- updateSerializedProduct -->
  <testcase classname="TestBasics" name="getDeserializedProduct" time="0.0">
    <ignored/>
  </testcase> <!-- getDeserializedProduct -->
  <testcase classname="TestBasics" name="getProducts" time="0.0">
    <ignored/>
  </testcase> <!-- getProducts -->
  <testcase classname="TestBasics" name="createProduct" time="0.0">
    <ignored/>
  </testcase> <!-- createProduct -->
  <testcase classname="TestBasics" name="createSerializedProduct" time="0.0">
    <ignored/>
  </testcase> <!-- createSerializedProduct -->
</testsuite> <!-- Test Basics  -->
